Starting WebSocket server on ws://localhost:8765
Traceback (most recent call last):
  File "/app/python-sdk/examples/websocket_demo.py", line 170, in <module>
    asyncio.run(main())
  File "/home/jules/.pyenv/versions/3.12.11/lib/python3.12/asyncio/runners.py", line 195, in run
    return runner.run(main)
           ^^^^^^^^^^^^^^^^
  File "/home/jules/.pyenv/versions/3.12.11/lib/python3.12/asyncio/runners.py", line 118, in run
    return self._loop.run_until_complete(task)
           ^^^^^^^^^^^^^^^^^^^^^^^^^^^^^^^^^^^
  File "/home/jules/.pyenv/versions/3.12.11/lib/python3.12/asyncio/base_events.py", line 691, in run_until_complete
    return future.result()
           ^^^^^^^^^^^^^^^
  File "/app/python-sdk/examples/websocket_demo.py", line 158, in main
    await start_server()
  File "/app/python-sdk/examples/websocket_demo.py", line 97, in start_server
    async with websockets.serve(ag_ui_server_handler, server_address, server_port):
               ^^^^^^^^^^^^^^^^^^^^^^^^^^^^^^^^^^^^^^^^^^^^^^^^^^^^^^^^^^^^^^^^^^^
  File "/home/jules/.pyenv/versions/3.12.11/lib/python3.12/site-packages/websockets/asyncio/server.py", line 813, in __aenter__
    return await self
           ^^^^^^^^^^
  File "/home/jules/.pyenv/versions/3.12.11/lib/python3.12/site-packages/websockets/asyncio/server.py", line 831, in __await_impl__
    server = await self.create_server
             ^^^^^^^^^^^^^^^^^^^^^^^^
  File "/home/jules/.pyenv/versions/3.12.11/lib/python3.12/asyncio/base_events.py", line 1584, in create_server
    raise OSError(err.errno, msg) from None
OSError: [Errno 98] error while attempting to bind on address ('127.0.0.1', 8765): [errno 98] address already in use
